  CourseworkGame.cpp
C:\Users\SamHo\Downloads\8503 Release\CSC8503\CSC8503Common\CollisionDetection.h(44,1): warning C4293: '<<': shift count negative or too big, undefined behavior
C:\Users\SamHo\Downloads\8503 Release\CSC8503\CSC8503Common\CollisionDetection.h(45,1): warning C4293: '<<': shift count negative or too big, undefined behavior
  GameTechRenderer.cpp
C:\Users\SamHo\Downloads\8503 Release\CSC8503\CSC8503Common\CollisionDetection.h(44,1): warning C4293: '<<': shift count negative or too big, undefined behavior
C:\Users\SamHo\Downloads\8503 Release\CSC8503\CSC8503Common\CollisionDetection.h(45,1): warning C4293: '<<': shift count negative or too big, undefined behavior
  Main.cpp
C:\Users\SamHo\Downloads\8503 Release\CSC8503\CSC8503Common\CollisionDetection.h(44,1): warning C4293: '<<': shift count negative or too big, undefined behavior
C:\Users\SamHo\Downloads\8503 Release\CSC8503\CSC8503Common\CollisionDetection.h(45,1): warning C4293: '<<': shift count negative or too big, undefined behavior
C:\Users\SamHo\Downloads\8503 Release\CSC8503\GameTech\Main.cpp(129,20): warning C4018: '<': signed/unsigned mismatch
C:\Users\SamHo\Downloads\8503 Release\CSC8503\GameTech\Main.cpp(173,28): warning C4244: '=': conversion from 'int' to 'float', possible loss of data
C:\Users\SamHo\Downloads\8503 Release\CSC8503\GameTech\Main.cpp(259,29): warning C4244: '=': conversion from 'int' to 'float', possible loss of data
C:\Users\SamHo\Downloads\8503 Release\CSC8503\GameTech\Main.cpp(281,12): warning C4244: 'argument': conversion from 'time_t' to 'unsigned int', possible loss of data
  Player.cpp
  The contents of <filesystem> are available only with C++17 or later.
C:\Users\SamHo\Downloads\8503 Release\Common\TextureLoader.cpp(19,22): error C2039: 'experimental': is not a member of 'std'
C:\Program Files (x86)\Microsoft Visual Studio\2019\Community\VC\Tools\MSVC\14.27.29110\include\functional(31): message : see declaration of 'std'
C:\Users\SamHo\Downloads\8503 Release\Common\TextureLoader.cpp(19,36): error C2039: 'filesystem': is not a member of 'std'
C:\Program Files (x86)\Microsoft Visual Studio\2019\Community\VC\Tools\MSVC\14.27.29110\include\functional(31): message : see declaration of 'std'
C:\Users\SamHo\Downloads\8503 Release\Common\TextureLoader.cpp(19,22): error C3083: 'experimental': the symbol to the left of a '::' must be a type
C:\Users\SamHo\Downloads\8503 Release\Common\TextureLoader.cpp(19,36): error C3083: 'filesystem': the symbol to the left of a '::' must be a type
C:\Users\SamHo\Downloads\8503 Release\Common\TextureLoader.cpp(19,48): error C2039: 'v1': is not a member of 'std'
C:\Program Files (x86)\Microsoft Visual Studio\2019\Community\VC\Tools\MSVC\14.27.29110\include\functional(31): message : see declaration of 'std'
C:\Users\SamHo\Downloads\8503 Release\Common\TextureLoader.cpp(19,50): error C2871: 'v1': a namespace with this name does not exist
C:\Users\SamHo\Downloads\8503 Release\Common\TextureLoader.cpp(59,2): error C2065: 'path': undeclared identifier
C:\Users\SamHo\Downloads\8503 Release\Common\TextureLoader.cpp(59,7): error C2146: syntax error: missing ';' before identifier 'p'
C:\Users\SamHo\Downloads\8503 Release\Common\TextureLoader.cpp(59,7): error C2065: 'p': undeclared identifier
C:\Users\SamHo\Downloads\8503 Release\Common\TextureLoader.cpp(59,11): error C3861: 'path': identifier not found
C:\Users\SamHo\Downloads\8503 Release\Common\TextureLoader.cpp(61,2): error C2065: 'path': undeclared identifier
C:\Users\SamHo\Downloads\8503 Release\Common\TextureLoader.cpp(61,7): error C2146: syntax error: missing ';' before identifier 'ext'
C:\Users\SamHo\Downloads\8503 Release\Common\TextureLoader.cpp(61,7): error C2065: 'ext': undeclared identifier
C:\Users\SamHo\Downloads\8503 Release\Common\TextureLoader.cpp(61,13): error C2065: 'p': undeclared identifier
C:\Users\SamHo\Downloads\8503 Release\Common\TextureLoader.cpp(63,9): error C2065: 'ext': undeclared identifier
  TutorialGame.cpp
C:\Users\SamHo\Downloads\8503 Release\CSC8503\CSC8503Common\CollisionDetection.h(44,1): warning C4293: '<<': shift count negative or too big, undefined behavior
C:\Users\SamHo\Downloads\8503 Release\CSC8503\CSC8503Common\CollisionDetection.h(45,1): warning C4293: '<<': shift count negative or too big, undefined behavior
  Generating Code...
